#
# There is insufficient memory for the Java Runtime Environment to continue.
# Native memory allocation (malloc) failed to allocate 1449456 bytes for Chunk::new
# Possible reasons:
#   The system is out of physical RAM or swap space
#   In 32 bit mode, the process size limit was hit
# Possible solutions:
#   Reduce memory load on the system
#   Increase physical memory or swap space
#   Check if swap backing store is full
#   Use 64 bit Java on a 64 bit OS
#   Decrease Java heap size (-Xmx/-Xms)
#   Decrease number of Java threads
#   Decrease Java thread stack sizes (-Xss)
#   Set larger code cache with -XX:ReservedCodeCacheSize=
# This output file may be truncated or incomplete.
#
#  Out of Memory Error (allocation.cpp:390), pid=10472, tid=0x0000000000001bf0
#
# JRE version: OpenJDK Runtime Environment (8.0_152-b01) (build 1.8.0_152-release-915-b01)
# Java VM: OpenJDK 64-Bit Server VM (25.152-b01 mixed mode windows-amd64 compressed oops)
# Failed to write core dump. Minidumps are not enabled by default on client versions of Windows
#

---------------  T H R E A D  ---------------

Current thread (0x0000000016939800):  JavaThread "C2 CompilerThread0" daemon [_thread_in_native, id=7152, stack(0x0000000017f70000,0x0000000018070000)]

Stack: [0x0000000017f70000,0x0000000018070000]
[error occurred during error reporting (printing stack bounds), id 0xc0000005]

Native frames: (J=compiled Java code, j=interpreted, Vv=VM code, C=native code)


Current CompileTask:
C2: 756094 20899 %     4       com.android.tools.r8.ir.regalloc.LinearScanRegisterAllocator::computeDebugInfo @ 16 (1176 bytes)


---------------  P R O C E S S  ---------------

Java Threads: ( => current thread )
  0x000000001d0bf000 JavaThread "ForkJoinPool.commonPool-worker-0" daemon [_thread_in_Java, id=12464, stack(0x0000000028190000,0x0000000028290000)]
  0x000000001d0be000 JavaThread "ForkJoinPool.commonPool-worker-3" daemon [_thread_in_native, id=7428, stack(0x0000000028090000,0x0000000028190000)]
  0x000000001d0bc000 JavaThread "ForkJoinPool.commonPool-worker-2" daemon [_thread_in_Java, id=736, stack(0x0000000027f90000,0x0000000028090000)]
  0x000000001d0b6800 JavaThread "ForkJoinPool.commonPool-worker-1" daemon [_thread_in_Java, id=9188, stack(0x0000000027e90000,0x0000000027f90000)]
  0x000000001d0bb000 JavaThread "Cache worker for Java compile cache (D:\Android Project Report\Fast-Find\Fast-Find\.gradle\4.10.1\javaCompile)" [_thread_blocked, id=8168, stack(0x0000000027d90000,0x0000000027e90000)]
  0x000000001d0b9000 JavaThread "Cache worker for Java compile cache (C:\Users\VARAD\.gradle\caches\4.10.1\javaCompile)" [_thread_blocked, id=13784, stack(0x0000000027c90000,0x0000000027d90000)]
  0x000000001d0b8000 JavaThread "stdout" [_thread_in_native, id=12892, stack(0x0000000027b90000,0x0000000027c90000)]
  0x000000001d0b5000 JavaThread "stderr" [_thread_in_native, id=10524, stack(0x0000000027a90000,0x0000000027b90000)]
  0x000000001d0b3800 JavaThread "pool-6-thread-1" [_thread_blocked, id=9924, stack(0x0000000027990000,0x0000000027a90000)]
  0x000000001d0b9800 JavaThread "Cache worker for Build Output Cleanup Cache (D:\Android Project Report\Fast-Find\Fast-Find\.gradle\buildOutputCleanup)" [_thread_blocked, id=10752, stack(0x0000000027890000,0x0000000027990000)]
  0x000000001d0b2800 JavaThread "Cache worker for task history cache (D:\Android Project Report\Fast-Find\Fast-Find\.gradle\4.10.1\taskHistory)" [_thread_blocked, id=13052, stack(0x0000000027790000,0x0000000027890000)]
  0x000000001d0b4800 JavaThread "Task worker for ':' Thread 3" [_thread_blocked, id=13420, stack(0x0000000027690000,0x0000000027790000)]
  0x000000001e07b000 JavaThread "Task worker for ':' Thread 2" [_thread_blocked, id=5524, stack(0x0000000027590000,0x0000000027690000)]
  0x000000001e07a000 JavaThread "Task worker for ':'" [_thread_blocked, id=12740, stack(0x0000000027490000,0x0000000027590000)]
  0x000000001e078800 JavaThread "Cache worker for file content cache (D:\Android Project Report\Fast-Find\Fast-Find\.gradle\4.10.1\fileContent)" [_thread_blocked, id=5996, stack(0x0000000027390000,0x0000000027490000)]
  0x000000001e078000 JavaThread "Cache worker for file content cache (C:\Users\VARAD\.gradle\caches\4.10.1\fileContent)" [_thread_blocked, id=8288, stack(0x0000000027290000,0x0000000027390000)]
  0x000000001e077000 JavaThread "Build operations Thread 4" [_thread_blocked, id=10480, stack(0x0000000027190000,0x0000000027290000)]
  0x000000001e079800 JavaThread "Build operations Thread 3" [_thread_blocked, id=14028, stack(0x0000000027090000,0x0000000027190000)]
  0x000000001e06f800 JavaThread "Build operations Thread 2" [_thread_blocked, id=8500, stack(0x0000000026f90000,0x0000000027090000)]
  0x000000001e076800 JavaThread "Build operations" [_thread_blocked, id=5036, stack(0x0000000026e90000,0x0000000026f90000)]
  0x000000001e06f000 JavaThread "Cache worker for cache directory md-rule (C:\Users\VARAD\.gradle\caches\4.10.1\md-rule)" [_thread_blocked, id=14744, stack(0x0000000026d90000,0x0000000026e90000)]
  0x000000001e075800 JavaThread "Cache worker for cache directory md-supplier (C:\Users\VARAD\.gradle\caches\4.10.1\md-supplier)" [_thread_blocked, id=6284, stack(0x0000000026c90000,0x0000000026d90000)]
  0x000000001e06e000 JavaThread "Cache worker for file hash cache (D:\Android Project Report\Fast-Find\Fast-Find\.gradle\4.10.1\fileHashes)" [_thread_blocked, id=13800, stack(0x0000000026b90000,0x0000000026c90000)]
  0x000000001e074000 JavaThread "Asynchronous log dispatcher for DefaultDaemonConnection: socket connection from /127.0.0.1:52755 to /127.0.0.1:53388" [_thread_blocked, id=7272, stack(0x0000000026990000,0x0000000026a90000)]
  0x000000001e06c800 JavaThread "Daemon worker Thread 2" [_thread_blocked, id=13900, stack(0x0000000026890000,0x0000000026990000)]
  0x000000001e073800 JavaThread "Cancel handler" [_thread_blocked, id=2544, stack(0x0000000026790000,0x0000000026890000)]
  0x000000001e072000 JavaThread "Handler for socket connection from /127.0.0.1:52755 to /127.0.0.1:53388" [_thread_in_native, id=5976, stack(0x0000000026690000,0x0000000026790000)]
  0x000000001e071000 JavaThread "Daemon Thread 2" [_thread_blocked, id=14692, stack(0x0000000026590000,0x0000000026690000)]
  0x000000001e072800 JavaThread "Java2D Disposer" daemon [_thread_blocked, id=12368, stack(0x0000000025b90000,0x0000000025c90000)]
  0x000000001d0bc800 JavaThread "pool-1-thread-1" [_thread_blocked, id=14400, stack(0x0000000022ce0000,0x0000000022de0000)]
  0x000000001d0b7800 JavaThread "Memory manager" [_thread_blocked, id=11108, stack(0x00000000229e0000,0x0000000022ae0000)]
  0x000000001b0ba000 JavaThread "Cache worker for Artifact transforms cache (C:\Users\VARAD\.gradle\caches\transforms-1)" [_thread_blocked, id=11968, stack(0x00000000207e0000,0x00000000208e0000)]
  0x000000001b0bb000 JavaThread "Cache worker for journal cache (C:\Users\VARAD\.gradle\caches\journal-1)" [_thread_blocked, id=13188, stack(0x000000001d530000,0x000000001d630000)]
  0x000000001b423800 JavaThread "File lock request listener" [_thread_in_native, id=12808, stack(0x000000001c360000,0x000000001c460000)]
  0x0000000019c13000 JavaThread "Cache worker for file hash cache (C:\Users\VARAD\.gradle\caches\4.10.1\fileHashes)" [_thread_blocked, id=6500, stack(0x000000001c260000,0x000000001c360000)]
  0x0000000018555800 JavaThread "Daemon periodic checks" [_thread_blocked, id=9172, stack(0x000000001a790000,0x000000001a890000)]
  0x0000000018554800 JavaThread "Incoming local TCP Connector on port 52755" [_thread_in_native, id=12940, stack(0x0000000019070000,0x0000000019170000)]
  0x0000000018290800 JavaThread "Service Thread" daemon [_thread_blocked, id=12600, stack(0x0000000018670000,0x0000000018770000)]
  0x000000001693e800 JavaThread "C1 CompilerThread2" daemon [_thread_blocked, id=11276, stack(0x0000000018170000,0x0000000018270000)]
  0x000000001693b000 JavaThread "C2 CompilerThread1" daemon [_thread_in_native, id=15324, stack(0x0000000018070000,0x0000000018170000)]
=>0x0000000016939800 JavaThread "C2 CompilerThread0" daemon [_thread_in_native, id=7152, stack(0x0000000017f70000,0x0000000018070000)]
  0x000000001694a000 JavaThread "Attach Listener" daemon [_thread_blocked, id=9076, stack(0x0000000017e70000,0x0000000017f70000)]
  0x0000000016947000 JavaThread "Signal Dispatcher" daemon [_thread_blocked, id=6872, stack(0x0000000017d70000,0x0000000017e70000)]
  0x000000001692d800 JavaThread "Finalizer" daemon [_thread_blocked, id=5372, stack(0x0000000017b90000,0x0000000017c90000)]
  0x0000000002fc4800 JavaThread "Reference Handler" daemon [_thread_blocked, id=2080, stack(0x0000000017a90000,0x0000000017b90000)]
  0x0000000002dce000 JavaThread "main" [_thread_blocked, id=6160, stack(0x0000000002dd0000,0x0000000002ed0000)]

Other Threads:
  0x0000000016906000 VMThread [stack: 0x0000000017990000,0x0000000017a90000] [id=8364]
  0x000000001699e800 WatcherThread [stack: 0x0000000018770000,0x0000000018870000] [id=14292]

VM state:not at safepoint (normal execution)

VM Mutex/Monitor currently owned by a thread: None

Heap:
 PSYoungGen      total 461824K, used 280676K [0x00000000e0000000, 0x00000000ffd00000, 0x0000000100000000)
  eden space 429568K, 63% used [0x00000000e0000000,0x00000000f0882b70,0x00000000fa380000)
  from space 32256K, 30% used [0x00000000fa380000,0x00000000fad16830,0x00000000fc300000)
  to   space 31232K, 0% used [0x00000000fde80000,0x00000000fde80000,0x00000000ffd00000)
 ParOldGen       total 152576K, used 126044K [0x00000000a0000000, 0x00000000a9500000, 0x00000000e0000000)
  object space 152576K, 82% used [0x00000000a0000000,0x00000000a7b171b0,0x00000000a9500000)
 Metaspace       used 95431K, capacity 99308K, committed 99456K, reserved 1136640K
  class space    used 11945K, capacity 12862K, committed 12928K, reserved 1048576K

Card table byte_map: [0x0000000012390000,0x00000000126a0000] byte_map_base: 0x0000000011e90000

Marking Bits: (ParMarkBitMap*) 0x000000005ccc3950
 Begin Bits: [0x0000000012ca0000, 0x00000000144a0000)
 End Bits:   [0x00000000144a0000, 0x0000000015ca0000)

Polling page: 0x0000000001480000

CodeCache: size=245760Kb used=58856Kb max_used=58856Kb free=186903Kb
 bounds [0x0000000002fd0000, 0x00000000069a0000, 0x0000000011fd0000]
 total_blobs=18029 nmethods=17021 adapters=918
 compilation: enabled

Compilation events (10 events):
Event: 755.893 Thread 0x000000001693e800 21120       2       java.util.stream.Collectors$$Lambda$132/1736883226::get (8 bytes)
Event: 755.893 Thread 0x000000001693e800 nmethod 21120 0x000000000658a950 code [0x000000000658aaa0, 0x000000000658ac50]
Event: 755.895 Thread 0x000000001693e800 21121       3       com.android.tools.r8.graph.ObjectToOffsetMapping::createMap (124 bytes)
Event: 755.897 Thread 0x000000001693e800 nmethod 21121 0x00000000062d8390 code [0x00000000062d86c0, 0x00000000062d9e38]
Event: 755.899 Thread 0x000000001693e800 21122 %     3       com.android.tools.r8.it.unimi.dsi.fastutil.objects.Object2IntLinkedOpenHashMap::rehash @ 69 (313 bytes)
Event: 755.901 Thread 0x000000001693e800 nmethod 21122% 0x0000000006682c50 code [0x0000000006682ec0, 0x0000000006683f38]
Event: 755.909 Thread 0x000000001693e800 21123       2       com.android.tools.r8.code.Format31i::write (20 bytes)
Event: 755.909 Thread 0x000000001693e800 nmethod 21123 0x00000000062d7e10 code [0x00000000062d7fa0, 0x00000000062d8218]
Event: 755.909 Thread 0x000000001693e800 21124       1       com.android.tools.r8.code.PackedSwitch::getOpcode (3 bytes)
Event: 755.909 Thread 0x000000001693e800 nmethod 21124 0x00000000066b1950 code [0x00000000066b1aa0, 0x00000000066b1bb0]

GC Heap History (10 events):
Event: 742.851 GC heap before
{Heap before GC invocations=29 (full 4):
 PSYoungGen      total 335360K, used 335084K [0x00000000e0000000, 0x00000000fae00000, 0x0000000100000000)
  eden space 321536K, 100% used [0x00000000e0000000,0x00000000f3a00000,0x00000000f3a00000)
  from space 13824K, 98% used [0x00000000fa080000,0x00000000fadbb160,0x00000000fae00000)
  to   space 26624K, 0% used [0x00000000f7a00000,0x00000000f7a00000,0x00000000f9400000)
 ParOldGen       total 152576K, used 90519K [0x00000000a0000000, 0x00000000a9500000, 0x00000000e0000000)
  object space 152576K, 59% used [0x00000000a0000000,0x00000000a5865d28,0x00000000a9500000)
 Metaspace       used 93709K, capacity 97376K, committed 97536K, reserved 1134592K
  class space    used 11791K, capacity 12704K, committed 12800K, reserved 1048576K
Event: 742.929 GC heap after
Heap after GC invocations=29 (full 4):
 PSYoungGen      total 334336K, used 26622K [0x00000000e0000000, 0x00000000fa100000, 0x0000000100000000)
  eden space 307712K, 0% used [0x00000000e0000000,0x00000000e0000000,0x00000000f2c80000)
  from space 26624K, 99% used [0x00000000f7a00000,0x00000000f93ffaf0,0x00000000f9400000)
  to   space 13312K, 0% used [0x00000000f9400000,0x00000000f9400000,0x00000000fa100000)
 ParOldGen       total 152576K, used 91859K [0x00000000a0000000, 0x00000000a9500000, 0x00000000e0000000)
  object space 152576K, 60% used [0x00000000a0000000,0x00000000a59b4d38,0x00000000a9500000)
 Metaspace       used 93709K, capacity 97376K, committed 97536K, reserved 1134592K
  class space    used 11791K, capacity 12704K, committed 12800K, reserved 1048576K
}
Event: 750.156 GC heap before
{Heap before GC invocations=30 (full 4):
 PSYoungGen      total 334336K, used 334334K [0x00000000e0000000, 0x00000000fa100000, 0x0000000100000000)
  eden space 307712K, 100% used [0x00000000e0000000,0x00000000f2c80000,0x00000000f2c80000)
  from space 26624K, 99% used [0x00000000f7a00000,0x00000000f93ffaf0,0x00000000f9400000)
  to   space 13312K, 0% used [0x00000000f9400000,0x00000000f9400000,0x00000000fa100000)
 ParOldGen       total 152576K, used 91859K [0x00000000a0000000, 0x00000000a9500000, 0x00000000e0000000)
  object space 152576K, 60% used [0x00000000a0000000,0x00000000a59b4d38,0x00000000a9500000)
 Metaspace       used 94984K, capacity 98954K, committed 99200K, reserved 1136640K
  class space    used 11914K, capacity 12859K, committed 12928K, reserved 1048576K
Event: 750.239 GC heap after
Heap after GC invocations=30 (full 4):
 PSYoungGen      total 369664K, used 13282K [0x00000000e0000000, 0x00000000fa100000, 0x0000000100000000)
  eden space 356352K, 0% used [0x00000000e0000000,0x00000000e0000000,0x00000000f5c00000)
  from space 13312K, 99% used [0x00000000f9400000,0x00000000fa0f8b28,0x00000000fa100000)
  to   space 33792K, 0% used [0x00000000f5f00000,0x00000000f5f00000,0x00000000f8000000)
 ParOldGen       total 152576K, used 104642K [0x00000000a0000000, 0x00000000a9500000, 0x00000000e0000000)
  object space 152576K, 68% used [0x00000000a0000000,0x00000000a6630aa8,0x00000000a9500000)
 Metaspace       used 94984K, capacity 98954K, committed 99200K, reserved 1136640K
  class space    used 11914K, capacity 12859K, committed 12928K, reserved 1048576K
}
Event: 751.897 GC heap before
{Heap before GC invocations=31 (full 4):
 PSYoungGen      total 369664K, used 369634K [0x00000000e0000000, 0x00000000fa100000, 0x0000000100000000)
  eden space 356352K, 100% used [0x00000000e0000000,0x00000000f5c00000,0x00000000f5c00000)
  from space 13312K, 99% used [0x00000000f9400000,0x00000000fa0f8b28,0x00000000fa100000)
  to   space 33792K, 0% used [0x00000000f5f00000,0x00000000f5f00000,0x00000000f8000000)
 ParOldGen       total 152576K, used 104642K [0x00000000a0000000, 0x00000000a9500000, 0x00000000e0000000)
  object space 152576K, 68% used [0x00000000a0000000,0x00000000a6630aa8,0x00000000a9500000)
 Metaspace       used 95100K, capacity 99018K, committed 99200K, reserved 1136640K
  class space    used 11923K, capacity 12859K, committed 12928K, reserved 1048576K
Event: 751.946 GC heap after
Heap after GC invocations=31 (full 4):
 PSYoungGen      total 393216K, used 7808K [0x00000000e0000000, 0x00000000fe380000, 0x0000000100000000)
  eden space 359424K, 0% used [0x00000000e0000000,0x00000000e0000000,0x00000000f5f00000)
  from space 33792K, 23% used [0x00000000f5f00000,0x00000000f66a0030,0x00000000f8000000)
  to   space 33280K, 0% used [0x00000000fc300000,0x00000000fc300000,0x00000000fe380000)
 ParOldGen       total 152576K, used 116071K [0x00000000a0000000, 0x00000000a9500000, 0x00000000e0000000)
  object space 152576K, 76% used [0x00000000a0000000,0x00000000a7159c90,0x00000000a9500000)
 Metaspace       used 95100K, capacity 99018K, committed 99200K, reserved 1136640K
  class space    used 11923K, capacity 12859K, committed 12928K, reserved 1048576K
}
Event: 753.505 GC heap before
{Heap before GC invocations=32 (full 4):
 PSYoungGen      total 393216K, used 367232K [0x00000000e0000000, 0x00000000fe380000, 0x0000000100000000)
  eden space 359424K, 100% used [0x00000000e0000000,0x00000000f5f00000,0x00000000f5f00000)
  from space 33792K, 23% used [0x00000000f5f00000,0x00000000f66a0030,0x00000000f8000000)
  to   space 33280K, 0% used [0x00000000fc300000,0x00000000fc300000,0x00000000fe380000)
 ParOldGen       total 152576K, used 116071K [0x00000000a0000000, 0x00000000a9500000, 0x00000000e0000000)
  object space 152576K, 76% used [0x00000000a0000000,0x00000000a7159c90,0x00000000a9500000)
 Metaspace       used 95349K, capacity 99230K, committed 99456K, reserved 1136640K
  class space    used 11943K, capacity 12859K, committed 12928K, reserved 1048576K
Event: 753.535 GC heap after
Heap after GC invocations=32 (full 4):
 PSYoungGen      total 462848K, used 8157K [0x00000000e0000000, 0x00000000fe800000, 0x0000000100000000)
  eden space 429568K, 0% used [0x00000000e0000000,0x00000000e0000000,0x00000000fa380000)
  from space 33280K, 24% used [0x00000000fc300000,0x00000000fcaf7430,0x00000000fe380000)
  to   space 32256K, 0% used [0x00000000fa380000,0x00000000fa380000,0x00000000fc300000)
 ParOldGen       total 152576K, used 121323K [0x00000000a0000000, 0x00000000a9500000, 0x00000000e0000000)
  object space 152576K, 79% used [0x00000000a0000000,0x00000000a767ac40,0x00000000a9500000)
 Metaspace       used 95349K, capacity 99230K, committed 99456K, reserved 1136640K
  class space    used 11943K, capacity 12859K, committed 12928K, reserved 1048576K
}
Event: 755.071 GC heap before
{Heap before GC invocations=33 (full 4):
 PSYoungGen      total 462848K, used 437725K [0x00000000e0000000, 0x00000000fe800000, 0x0000000100000000)
  eden space 429568K, 100% used [0x00000000e0000000,0x00000000fa380000,0x00000000fa380000)
  from space 33280K, 24% used [0x00000000fc300000,0x00000000fcaf7430,0x00000000fe380000)
  to   space 32256K, 0% used [0x00000000fa380000,0x00000000fa380000,0x00000000fc300000)
 ParOldGen       total 152576K, used 121323K [0x00000000a0000000, 0x00000000a9500000, 0x00000000e0000000)
  object space 152576K, 79% used [0x00000000a0000000,0x00000000a767ac40,0x00000000a9500000)
 Metaspace       used 95414K, capacity 99304K, committed 99456K, reserved 1136640K
  class space    used 11945K, capacity 12862K, committed 12928K, reserved 1048576K
Event: 755.114 GC heap after
Heap after GC invocations=33 (full 4):
 PSYoungGen      total 461824K, used 9818K [0x00000000e0000000, 0x00000000ffd00000, 0x0000000100000000)
  eden space 429568K, 0% used [0x00000000e0000000,0x00000000e0000000,0x00000000fa380000)
  from space 32256K, 30% used [0x00000000fa380000,0x00000000fad16830,0x00000000fc300000)
  to   space 31232K, 0% used [0x00000000fde80000,0x00000000fde80000,0x00000000ffd00000)
 ParOldGen       total 152576K, used 126044K [0x00000000a0000000, 0x00000000a9500000, 0x00000000e0000000)
  object space 152576K, 82% used [0x00000000a0000000,0x00000000a7b171b0,0x00000000a9500000)
 Metaspace       used 95414K, capacity 99304K, committed 99456K, reserved 1136640K
  class space    used 11945K, capacity 12862K, committed 12928K, reserved 1048576K
}

Deoptimization events (10 events):
Event: 751.554 Thread 0x000000001d0b6800 Uncommon trap: reason=unstable_if action=reinterpret pc=0x0000000006445ae0 method=com.android.tools.r8.ir.conversion.JarState$Slot.isReferenceCompatible(Lcom/android/tools/r8/org/objectweb/asm/Type;Lcom/android/tools/r8/org/objectweb/asm/Type;)Z @ 95
Event: 751.796 Thread 0x000000001d0bf000 Uncommon trap: reason=unstable_if action=reinterpret pc=0x0000000003a6e500 method=java.util.HashMap.getNode(ILjava/lang/Object;)Ljava/util/HashMap$Node; @ 84
Event: 752.269 Thread 0x000000001d0bf000 Uncommon trap: reason=unstable_if action=reinterpret pc=0x0000000003ce6b20 method=java.util.TimSort.countRunAndMakeAscending([Ljava/lang/Object;IILjava/util/Comparator;)I @ 27
Event: 753.048 Thread 0x000000001d0b6800 Uncommon trap: reason=unstable_if action=reinterpret pc=0x0000000005e82fe0 method=com.android.tools.r8.dex.DexOutputBuffer.ensureSpaceFor(I)V @ 8
Event: 753.363 Thread 0x000000001d0bf000 Uncommon trap: reason=unstable_if action=reinterpret pc=0x000000000467fb1c method=java.util.HashMap.putVal(ILjava/lang/Object;Ljava/lang/Object;ZZ)Ljava/lang/Object; @ 109
Event: 753.363 Thread 0x000000001d0bf000 Uncommon trap: reason=unstable_if action=reinterpret pc=0x000000000542e9d0 method=java.util.HashMap.putVal(ILjava/lang/Object;Ljava/lang/Object;ZZ)Ljava/lang/Object; @ 109
Event: 753.811 Thread 0x000000001d0be000 Uncommon trap: reason=unstable_if action=reinterpret pc=0x00000000064f808c method=com.android.tools.r8.ir.conversion.JarSourceCode.getTryHandlers(Lcom/android/tools/r8/org/objectweb/asm/tree/AbstractInsnNode;)Ljava/util/List; @ 80
Event: 754.542 Thread 0x000000001d0bf000 Uncommon trap: reason=unstable_if action=reinterpret pc=0x000000000672f024 method=com.android.tools.r8.ir.regalloc.LinearScanRegisterAllocator.overlapsMoveExceptionInterval(Lcom/android/tools/r8/ir/regalloc/LiveIntervals;)Z @ 21
Event: 755.649 Thread 0x000000001d0bc000 Uncommon trap: reason=unstable_if action=reinterpret pc=0x00000000066870c8 method=com.android.tools.r8.ir.optimize.PeepholeOptimizer.removeWideConstantCovering(Ljava/util/Map;I)V @ 27
Event: 755.649 Thread 0x000000001d0bc000 Uncommon trap: reason=unstable_if action=reinterpret pc=0x00000000068e35f4 method=com.android.tools.r8.ir.optimize.PeepholeOptimizer.removeWideConstantCovering(Ljava/util/Map;I)V @ 27

Classes redefined (0 events):
No events

Internal exceptions (10 events):
Event: 740.980 Thread 0x000000001e07b000 Exception <a 'sun/nio/fs/WindowsException'> (0x00000000eea5f1f0) thrown at [D:\src\AOSP-openjdk-cygwin\jdk8u\hotspot\src\share\vm\prims\jni.cpp, line 709]
Event: 740.980 Thread 0x000000001e07b000 Exception <a 'sun/nio/fs/WindowsException'> (0x00000000eea5fa38) thrown at [D:\src\AOSP-openjdk-cygwin\jdk8u\hotspot\src\share\vm\prims\jni.cpp, line 709]
Event: 740.980 Thread 0x000000001e07b000 Exception <a 'sun/nio/fs/WindowsException'> (0x00000000eea60f78) thrown at [D:\src\AOSP-openjdk-cygwin\jdk8u\hotspot\src\share\vm\prims\jni.cpp, line 709]
Event: 741.033 Thread 0x000000001e07b000 Exception <a 'sun/nio/fs/WindowsException'> (0x00000000eea8dd78) thrown at [D:\src\AOSP-openjdk-cygwin\jdk8u\hotspot\src\share\vm\prims\jni.cpp, line 709]
Event: 741.034 Thread 0x000000001e07b000 Exception <a 'sun/nio/fs/WindowsException'> (0x00000000eea8e5c0) thrown at [D:\src\AOSP-openjdk-cygwin\jdk8u\hotspot\src\share\vm\prims\jni.cpp, line 709]
Event: 741.034 Thread 0x000000001e07b000 Exception <a 'sun/nio/fs/WindowsException'> (0x00000000eea8fb00) thrown at [D:\src\AOSP-openjdk-cygwin\jdk8u\hotspot\src\share\vm\prims\jni.cpp, line 709]
Event: 743.664 Thread 0x000000001d0bc000 Implicit null exception at 0x00000000061a3c6f to 0x00000000061a8459
Event: 744.055 Thread 0x000000001d0bc000 Implicit null exception at 0x00000000043e5ada to 0x00000000043e5bad
Event: 749.441 Thread 0x000000001d0bc000 Implicit null exception at 0x00000000035e26a0 to 0x00000000035e2715
Event: 749.638 Thread 0x000000001d0bc000 Implicit null exception at 0x00000000066efbe6 to 0x00000000066f0d5d

Events (10 events):
Event: 755.649 Thread 0x000000001d0bc000 DEOPT PACKING pc=0x00000000068e35f4 sp=0x000000002808e070
Event: 755.649 Thread 0x000000001d0bc000 DEOPT UNPACKING pc=0x000000000301556a sp=0x000000002808e030 mode 2
Event: 755.702 Thread 0x000000001d0be000 DEOPT PACKING pc=0x0000000006317bc0 sp=0x000000002818dae0
Event: 755.702 Thread 0x000000001d0be000 DEOPT UNPACKING pc=0x00000000030175bf sp=0x000000002818daa8 mode 0
Event: 755.768 Thread 0x000000001d0bf000 DEOPT PACKING pc=0x00000000065a7751 sp=0x000000002828e0c0
Event: 755.768 Thread 0x000000001d0bf000 DEOPT UNPACKING pc=0x00000000030175bf sp=0x000000002828def0 mode 0
Event: 755.795 Thread 0x000000001d0be000 DEOPT PACKING pc=0x0000000006317bc0 sp=0x000000002818dae0
Event: 755.795 Thread 0x000000001d0be000 DEOPT UNPACKING pc=0x00000000030175bf sp=0x000000002818daa8 mode 0
Event: 755.897 Thread 0x000000001d0be000 DEOPT PACKING pc=0x0000000005cda5e0 sp=0x000000002818e5d0
Event: 755.897 Thread 0x000000001d0be000 DEOPT UNPACKING pc=0x00000000030175bf sp=0x000000002818e3c8 mode 0


Dynamic libraries:
0x00007ff73aea0000 - 0x00007ff73aed1000 	C:\Program Files\Android\Android Studio\jre\bin\java.exe
0x00007ffc8b030000 - 0x00007ffc8b1f1000 	C:\Windows\SYSTEM32\ntdll.dll
0x00007ffc8af80000 - 0x00007ffc8b02d000 	C:\Windows\system32\KERNEL32.DLL
0x00007ffc87960000 - 0x00007ffc87b48000 	C:\Windows\system32\KERNELBASE.dll
0x00007ffc8a750000 - 0x00007ffc8a7f7000 	C:\Windows\system32\ADVAPI32.dll
0x00007ffc8aa80000 - 0x00007ffc8ab1d000 	C:\Windows\system32\msvcrt.dll
0x00007ffc8ab20000 - 0x00007ffc8ab7b000 	C:\Windows\system32\sechost.dll
0x00007ffc8ae20000 - 0x00007ffc8af3d000 	C:\Windows\system32\RPCRT4.dll
0x00007ffc88e70000 - 0x00007ffc88fc6000 	C:\Windows\system32\USER32.dll
0x00007ffc8ac90000 - 0x00007ffc8ae17000 	C:\Windows\system32\GDI32.dll
0x00007ffc7bfb0000 - 0x00007ffc7c224000 	C:\Windows\WinSxS\amd64_microsoft.windows.common-controls_6595b64144ccf1df_6.0.10586.839_none_a2ddba30a539a2ae\COMCTL32.dll
0x00007ffc8a800000 - 0x00007ffc8aa7e000 	C:\Windows\system32\combase.dll
0x00007ffc877f0000 - 0x00007ffc8785a000 	C:\Windows\system32\bcryptPrimitives.dll
0x00007ffc8af40000 - 0x00007ffc8af7b000 	C:\Windows\system32\IMM32.DLL
0x000000005c420000 - 0x000000005c4f2000 	C:\Program Files\Android\Android Studio\jre\jre\bin\msvcr100.dll
0x000000005c500000 - 0x000000005cd3e000 	C:\Program Files\Android\Android Studio\jre\jre\bin\server\jvm.dll
0x00007ffc885f0000 - 0x00007ffc885f8000 	C:\Windows\system32\PSAPI.DLL
0x00007ffc7b2a0000 - 0x00007ffc7b2a9000 	C:\Windows\SYSTEM32\WSOCK32.dll
0x00007ffc857e0000 - 0x00007ffc85803000 	C:\Windows\SYSTEM32\WINMM.dll
0x00007ffc8a670000 - 0x00007ffc8a6db000 	C:\Windows\system32\WS2_32.dll
0x00007ffc85c80000 - 0x00007ffc85c8a000 	C:\Windows\SYSTEM32\VERSION.dll
0x00007ffc857b0000 - 0x00007ffc857dc000 	C:\Windows\SYSTEM32\WINMMBASE.dll
0x00007ffc87860000 - 0x00007ffc878a3000 	C:\Windows\system32\cfgmgr32.dll
0x00007ffc7a220000 - 0x00007ffc7a22f000 	C:\Program Files\Android\Android Studio\jre\jre\bin\verify.dll
0x00007ffc667f0000 - 0x00007ffc66819000 	C:\Program Files\Android\Android Studio\jre\jre\bin\java.dll
0x00007ffc667d0000 - 0x00007ffc667e6000 	C:\Program Files\Android\Android Studio\jre\jre\bin\zip.dll
0x00007ffc89110000 - 0x00007ffc8a66c000 	C:\Windows\system32\SHELL32.dll
0x00007ffc87d20000 - 0x00007ffc88365000 	C:\Windows\system32\windows.storage.dll
0x00007ffc88430000 - 0x00007ffc88482000 	C:\Windows\system32\shlwapi.dll
0x00007ffc87680000 - 0x00007ffc8768f000 	C:\Windows\system32\kernel.appcore.dll
0x00007ffc88370000 - 0x00007ffc88425000 	C:\Windows\system32\shcore.dll
0x00007ffc87690000 - 0x00007ffc876db000 	C:\Windows\system32\powrprof.dll
0x00007ffc87660000 - 0x00007ffc87674000 	C:\Windows\system32\profapi.dll
0x00007ffc667b0000 - 0x00007ffc667ca000 	C:\Program Files\Android\Android Studio\jre\jre\bin\net.dll
0x00007ffc865f0000 - 0x00007ffc86610000 	C:\Windows\system32\PrxerDrv.dll
0x00007ffc86f20000 - 0x00007ffc86f7c000 	C:\Windows\system32\mswsock.dll
0x00007ffc66790000 - 0x00007ffc667a1000 	C:\Program Files\Android\Android Studio\jre\jre\bin\nio.dll
0x00007ffc61880000 - 0x00007ffc6189e000 	C:\Users\VARAD\.gradle\native\25\windows-amd64\native-platform.dll
0x00007ffc790a0000 - 0x00007ffc790ad000 	C:\Program Files\Android\Android Studio\jre\jre\bin\management.dll
0x00007ffc86fd0000 - 0x00007ffc86fe7000 	C:\Windows\SYSTEM32\CRYPTSP.dll
0x00007ffc86c60000 - 0x00007ffc86c94000 	C:\Windows\system32\rsaenh.dll
0x00007ffc87580000 - 0x00007ffc875a9000 	C:\Windows\SYSTEM32\bcrypt.dll
0x00007ffc86db0000 - 0x00007ffc86dcf000 	C:\Windows\SYSTEM32\USERENV.dll
0x00007ffc870f0000 - 0x00007ffc870fb000 	C:\Windows\SYSTEM32\CRYPTBASE.dll
0x00007ffc84b30000 - 0x00007ffc84b68000 	C:\Windows\SYSTEM32\IPHLPAPI.DLL
0x00007ffc88900000 - 0x00007ffc88908000 	C:\Windows\system32\NSI.dll
0x00007ffc7c7a0000 - 0x00007ffc7c7b6000 	C:\Windows\SYSTEM32\dhcpcsvc6.DLL
0x00007ffc7c780000 - 0x00007ffc7c79a000 	C:\Windows\SYSTEM32\dhcpcsvc.DLL
0x00007ffc62370000 - 0x00007ffc62394000 	C:\Program Files\Android\Android Studio\jre\jre\bin\sunec.dll
0x00007ffc77d60000 - 0x00007ffc77d7c000 	C:\Windows\system32\PrxerNsp.dll
0x00007ffc86070000 - 0x00007ffc8611a000 	C:\Windows\SYSTEM32\DNSAPI.dll
0x00007ffc79a90000 - 0x00007ffc79a9a000 	C:\Windows\System32\rasadhlp.dll
0x00007ffc7c7e0000 - 0x00007ffc7c847000 	C:\Windows\System32\fwpuclnt.dll
0x00007ffc7b2c0000 - 0x00007ffc7b2cb000 	C:\Program Files\Android\Android Studio\jre\jre\bin\sunmscapi.dll
0x00007ffc87b50000 - 0x00007ffc87d18000 	C:\Windows\system32\CRYPT32.dll
0x00007ffc87650000 - 0x00007ffc87660000 	C:\Windows\system32\MSASN1.dll
0x00007ffc62450000 - 0x00007ffc625e5000 	C:\Program Files\Android\Android Studio\jre\jre\bin\awt.dll
0x00007ffc89040000 - 0x00007ffc89106000 	C:\Windows\system32\OLEAUT32.dll
0x00007ffc80580000 - 0x00007ffc80ac5000 	C:\Windows\SYSTEM32\d2d1.dll
0x00007ffc85b70000 - 0x00007ffc85be9000 	C:\Windows\system32\apphelp.dll
0x00007ffc85330000 - 0x00007ffc85352000 	C:\Windows\system32\DWMAPI.DLL
0x00007ffc86250000 - 0x00007ffc862e6000 	C:\Windows\system32\uxtheme.dll

VM Arguments:
jvm_args: -Xmx1536m -Dfile.encoding=windows-1252 -Duser.country=IN -Duser.language=en -Duser.variant 
java_command: org.gradle.launcher.daemon.bootstrap.GradleDaemon 4.10.1
java_class_path (initial): C:\Users\VARAD\.gradle\wrapper\dists\gradle-4.10.1-all\455itskqi2qtf0v2sja68alqd\gradle-4.10.1\lib\gradle-launcher-4.10.1.jar
Launcher Type: SUN_STANDARD

Environment Variables:
PATH=C:\Windows\System32;C:\Users\VARAD\AppData\Roaming\npm;C:\Users\VARAD\AppData\Local\atom\bin;C:\For Apache Cordova\apache-ant-1.10.1-bin\apache-ant-1.10.1\bin;C:\Users\VARAD\AppData\Local\Android\Sdk\tools;C:\Users\VARAD\AppData\Local\Android\Sdk\platform-tools;C:\Program Files (x86)\nodejs;C:\Python34\Scripts;C:\Users\VARAD\AppData\Local\Programs\Python\Python36;C:\Program Files\nodejs\;C:\Program Files\Git\cmd;C:\Program Files\Git\mingw64\bin;C:\Users\VARAD\AppData\Local\Android\Sdk;C:\Program Files\Java\jdk1.8.0_66\bin;C:\Users\VARAD\AppData\Local\atom\bin;C:\For Apache Cordova\apache-ant-1.10.1-bin\apache-ant-1.10.1\bin;C:\Program Files (x86)\Android\android-sdk\tools;C:\Program Files (x86)\Android\android-sdk\platform-tools;C:\Users\VARAD\AppData\Roaming\npm
USERNAME=VARAD
OS=Windows_NT
PROCESSOR_IDENTIFIER=Intel64 Family 6 Model 69 Stepping 1, GenuineIntel



---------------  S Y S T E M  ---------------

OS: Windows 10.0 , 64 bit Build 10586 (10.0.10586.589)

CPU:total 4 (initial active 4) (2 cores per cpu, 2 threads per core) family 6 model 69 stepping 1, cmov, cx8, fxsr, mmx, sse, sse2, sse3, ssse3, sse4.1, sse4.2, popcnt, avx, avx2, aes, clmul, erms, lzcnt, ht, tsc, tscinvbit, bmi1, bmi2

Memory: 4k page, physical 8266712k(1433676k free), swap 10909496k(512k free)

vm_info: OpenJDK 64-Bit Server VM (25.152-b01) for windows-amd64 JRE (1.8.0_152-release-915-b01), built by "builder" with MS VC++ 10.0 (VS2010)

time: Tue Mar 12 14:22:32 2019
elapsed time: 756 seconds (0d 0h 12m 36s)

